2023-11-10 21:55:28,159 [Worker-8: Loading available Gradle versions] INFO  o.e.b.c.i.u.g.PublishedGradleVersions - Gradle version information cache is up-to-date. Trying to read.
2023-11-10 21:56:03,076 [Worker-9: Importing Maven projects] INFO  o.e.m.c.i.l.LifecycleMappingFactory - Using org.eclipse.m2e.jdt.JarLifecycleMapping lifecycle mapping for MavenProject: hh:harkkas23v01:0.0.1-SNAPSHOT @ C:\Users\nlilj\Desktop\BackendSyksy2023harkka\harkkas23\harkkas23v01\pom.xml.
2023-11-10 21:56:03,383 [Worker-9: Importing Maven projects] INFO  o.e.m.c.i.l.LifecycleMappingFactory - Using org.eclipse.m2e.jdt.JarLifecycleMapping lifecycle mapping for MavenProject: hh:harkkas23v02:0.0.1-SNAPSHOT @ C:\Users\nlilj\Desktop\BackendSyksy2023harkka\harkkas23\harkkas23v02\pom.xml.
2023-11-10 21:56:04,433 [Worker-9: Importing Maven projects] INFO  o.e.m.j.i.AbstractJavaProjectConfigurator - Adding source folder /harkkas23v01/src/main/java
2023-11-10 21:56:04,434 [Worker-9: Importing Maven projects] INFO  o.e.m.j.i.AbstractJavaProjectConfigurator - Adding resource folder /harkkas23v01/src/main/resources
2023-11-10 21:56:04,436 [Worker-9: Importing Maven projects] INFO  o.e.m.j.i.AbstractJavaProjectConfigurator - Adding resource folder /harkkas23v01/src/main/resources
2023-11-10 21:56:04,437 [Worker-9: Importing Maven projects] INFO  o.e.m.j.i.AbstractJavaProjectConfigurator - Adding source folder /harkkas23v01/src/test/java
2023-11-10 21:56:04,811 [Worker-9: Importing Maven projects] INFO  o.e.m.j.i.AbstractJavaProjectConfigurator - Adding source folder /harkkas23v02/src/main/java
2023-11-10 21:56:04,811 [Worker-9: Importing Maven projects] INFO  o.e.m.j.i.AbstractJavaProjectConfigurator - Adding resource folder /harkkas23v02/src/main/resources
2023-11-10 21:56:04,812 [Worker-9: Importing Maven projects] INFO  o.e.m.j.i.AbstractJavaProjectConfigurator - Adding resource folder /harkkas23v02/src/main/resources
2023-11-10 21:56:04,813 [Worker-9: Importing Maven projects] INFO  o.e.m.j.i.AbstractJavaProjectConfigurator - Adding source folder /harkkas23v02/src/test/java
2023-11-10 21:56:05,092 [Worker-9: Importing Maven projects] INFO  o.e.m.c.i.p.ProjectConfigurationManager - Imported and configured 2 project(s) in 3 sec
2023-11-10 21:56:06,229 [Worker-28: Building] INFO  o.a.m.s.f.DefaultMavenResourcesFiltering - Copying 1 resource
2023-11-10 21:56:06,242 [Worker-28: Building] INFO  o.a.m.s.f.DefaultMavenResourcesFiltering - Copying 36 resources
2023-11-10 21:56:06,293 [Worker-28: Building] INFO  o.a.m.s.f.DefaultMavenResourcesFiltering - skip non existing resourceDirectory C:\Users\nlilj\Desktop\BackendSyksy2023harkka\harkkas23\harkkas23v01\src\test\resources
2023-11-10 21:56:07,032 [Worker-28: Building] INFO  o.a.m.s.f.DefaultMavenResourcesFiltering - Copying 1 resource
2023-11-10 21:56:07,044 [Worker-28: Building] INFO  o.a.m.s.f.DefaultMavenResourcesFiltering - Copying 36 resources
2023-11-10 21:56:07,106 [Worker-28: Building] INFO  o.a.m.s.f.DefaultMavenResourcesFiltering - skip non existing resourceDirectory C:\Users\nlilj\Desktop\BackendSyksy2023harkka\harkkas23\harkkas23v02\src\test\resources
2023-11-10 21:57:45,731 [Worker-6: Loading available Gradle versions] INFO  o.e.b.c.i.u.g.PublishedGradleVersions - Gradle version information cache is up-to-date. Trying to read.
2023-11-10 21:58:14,065 [Worker-4: Loading available Gradle versions] INFO  o.e.b.c.i.u.g.PublishedGradleVersions - Gradle version information cache is up-to-date. Trying to read.
2023-11-10 21:59:03,564 [Worker-13: Building] INFO  o.a.m.s.f.DefaultMavenResourcesFiltering - Copying 1 resource
2023-11-10 21:59:03,582 [Worker-13: Building] INFO  o.a.m.s.f.DefaultMavenResourcesFiltering - Copying 36 resources
2023-11-10 21:59:03,634 [Worker-13: Building] INFO  o.a.m.s.f.DefaultMavenResourcesFiltering - skip non existing resourceDirectory C:\Users\nlilj\Desktop\BackendSyksy2023harkka\harkkas23\harkkas23v01\src\test\resources
2023-11-10 21:59:04,725 [Worker-13: Building] INFO  o.a.m.s.f.DefaultMavenResourcesFiltering - Copying 1 resource
2023-11-10 21:59:04,737 [Worker-13: Building] INFO  o.a.m.s.f.DefaultMavenResourcesFiltering - Copying 36 resources
2023-11-10 21:59:04,792 [Worker-13: Building] INFO  o.a.m.s.f.DefaultMavenResourcesFiltering - skip non existing resourceDirectory C:\Users\nlilj\Desktop\BackendSyksy2023harkka\harkkas23\harkkas23v02\src\test\resources
2023-11-10 21:59:05,452 [Worker-13: Building] INFO  o.e.m.c.i.l.LifecycleMappingFactory - Using org.eclipse.m2e.jdt.JarLifecycleMapping lifecycle mapping for MavenProject: hh:harkkas23v02:0.0.1-SNAPSHOT @ C:\Users\nlilj\eclipse-workspace-backend-harkka\harkkas23v3\pom.xml.
2023-11-10 21:59:06,003 [Worker-13: Building] INFO  o.a.m.s.f.DefaultMavenResourcesFiltering - Copying 1 resource
2023-11-10 21:59:06,018 [Worker-13: Building] INFO  o.a.m.s.f.DefaultMavenResourcesFiltering - Copying 36 resources
2023-11-10 21:59:06,099 [Worker-13: Building] INFO  o.a.m.s.f.DefaultMavenResourcesFiltering - skip non existing resourceDirectory C:\Users\nlilj\eclipse-workspace-backend-harkka\harkkas23v3\src\test\resources
2023-11-10 22:00:45,802 [Worker-9: Importing Maven projects] INFO  o.e.m.c.i.l.LifecycleMappingFactory - Using org.eclipse.m2e.jdt.JarLifecycleMapping lifecycle mapping for MavenProject: hh:harkkas23v01:0.0.1-SNAPSHOT @ C:\Users\nlilj\eclipse-workspace-backend-harkka\harkkas23v01\pom.xml.
2023-11-10 22:00:46,328 [Worker-9: Importing Maven projects] INFO  o.e.m.j.i.AbstractJavaProjectConfigurator - Adding source folder /harkkas23v01/src/main/java
2023-11-10 22:00:46,329 [Worker-9: Importing Maven projects] INFO  o.e.m.j.i.AbstractJavaProjectConfigurator - Adding resource folder /harkkas23v01/src/main/resources
2023-11-10 22:00:46,329 [Worker-9: Importing Maven projects] INFO  o.e.m.j.i.AbstractJavaProjectConfigurator - Adding resource folder /harkkas23v01/src/main/resources
2023-11-10 22:00:46,329 [Worker-9: Importing Maven projects] INFO  o.e.m.j.i.AbstractJavaProjectConfigurator - Adding source folder /harkkas23v01/src/test/java
2023-11-10 22:00:46,575 [Worker-9: Importing Maven projects] INFO  o.e.m.c.i.p.ProjectConfigurationManager - Imported and configured 1 project(s) in 0 sec
2023-11-10 22:00:47,145 [Worker-27: Building] INFO  o.a.m.s.f.DefaultMavenResourcesFiltering - Copying 1 resource
2023-11-10 22:00:47,159 [Worker-27: Building] INFO  o.a.m.s.f.DefaultMavenResourcesFiltering - Copying 36 resources
2023-11-10 22:00:47,204 [Worker-27: Building] INFO  o.a.m.s.f.DefaultMavenResourcesFiltering - skip non existing resourceDirectory C:\Users\nlilj\eclipse-workspace-backend-harkka\harkkas23v01\src\test\resources
2023-11-10 22:00:58,589 [Worker-10: Importing Maven projects] INFO  o.e.m.c.i.l.LifecycleMappingFactory - Using org.eclipse.m2e.jdt.JarLifecycleMapping lifecycle mapping for MavenProject: hh:harkkas23v02:0.0.1-SNAPSHOT @ C:\Users\nlilj\eclipse-workspace-backend-harkka\harkkas23v02\pom.xml.
2023-11-10 22:00:59,031 [Worker-10: Importing Maven projects] INFO  o.e.m.j.i.AbstractJavaProjectConfigurator - Adding source folder /harkkas23v02/src/main/java
2023-11-10 22:00:59,032 [Worker-10: Importing Maven projects] INFO  o.e.m.j.i.AbstractJavaProjectConfigurator - Adding resource folder /harkkas23v02/src/main/resources
2023-11-10 22:00:59,032 [Worker-10: Importing Maven projects] INFO  o.e.m.j.i.AbstractJavaProjectConfigurator - Adding resource folder /harkkas23v02/src/main/resources
2023-11-10 22:00:59,033 [Worker-10: Importing Maven projects] INFO  o.e.m.j.i.AbstractJavaProjectConfigurator - Adding source folder /harkkas23v02/src/test/java
2023-11-10 22:00:59,258 [Worker-10: Importing Maven projects] INFO  o.e.m.c.i.p.ProjectConfigurationManager - Imported and configured 1 project(s) in 0 sec
2023-11-10 22:00:59,845 [Worker-2: Building] INFO  o.a.m.s.f.DefaultMavenResourcesFiltering - Copying 1 resource
2023-11-10 22:00:59,856 [Worker-2: Building] INFO  o.a.m.s.f.DefaultMavenResourcesFiltering - Copying 36 resources
2023-11-10 22:00:59,899 [Worker-2: Building] INFO  o.a.m.s.f.DefaultMavenResourcesFiltering - skip non existing resourceDirectory C:\Users\nlilj\eclipse-workspace-backend-harkka\harkkas23v02\src\test\resources
2023-11-10 22:01:16,758 [main] INFO  o.e.m2e.actions.ExecutePomAction - Creating new launch configuration
2023-11-10 22:32:04,344 [Worker-34: Building] INFO  o.a.m.s.f.DefaultMavenResourcesFiltering - Copying 0 resource
2023-11-10 22:32:04,344 [Worker-34: Building] INFO  o.a.m.s.f.DefaultMavenResourcesFiltering - Copying 1 resource
2023-11-10 22:32:04,348 [Worker-34: Building] INFO  o.a.m.s.f.DefaultMavenResourcesFiltering - skip non existing resourceDirectory C:\Users\nlilj\eclipse-workspace-backend-harkka\harkkas23v02\src\test\resources
2023-11-10 22:32:12,885 [Worker-30: Building] INFO  o.a.m.s.f.DefaultMavenResourcesFiltering - Copying 0 resource
2023-11-10 22:32:12,885 [Worker-30: Building] INFO  o.a.m.s.f.DefaultMavenResourcesFiltering - Copying 1 resource
2023-11-10 22:32:12,890 [Worker-30: Building] INFO  o.a.m.s.f.DefaultMavenResourcesFiltering - skip non existing resourceDirectory C:\Users\nlilj\eclipse-workspace-backend-harkka\harkkas23v02\src\test\resources
2023-11-10 22:32:27,000 [Worker-30: Building] INFO  o.a.m.s.f.DefaultMavenResourcesFiltering - Copying 0 resource
2023-11-10 22:32:27,001 [Worker-30: Building] INFO  o.a.m.s.f.DefaultMavenResourcesFiltering - Copying 1 resource
2023-11-10 22:32:27,006 [Worker-30: Building] INFO  o.a.m.s.f.DefaultMavenResourcesFiltering - skip non existing resourceDirectory C:\Users\nlilj\eclipse-workspace-backend-harkka\harkkas23v01\src\test\resources
2023-11-10 22:34:33,506 [Worker-36: Building] INFO  o.a.m.s.f.DefaultMavenResourcesFiltering - Copying 0 resource
2023-11-10 22:34:33,507 [Worker-36: Building] INFO  o.a.m.s.f.DefaultMavenResourcesFiltering - Copying 1 resource
2023-11-10 22:34:33,511 [Worker-36: Building] INFO  o.a.m.s.f.DefaultMavenResourcesFiltering - skip non existing resourceDirectory C:\Users\nlilj\eclipse-workspace-backend-harkka\harkkas23v02\src\test\resources
2023-11-10 22:34:46,165 [Worker-36: Building] INFO  o.a.m.s.f.DefaultMavenResourcesFiltering - Copying 0 resource
2023-11-10 22:34:46,165 [Worker-36: Building] INFO  o.a.m.s.f.DefaultMavenResourcesFiltering - Copying 1 resource
2023-11-10 22:34:46,169 [Worker-36: Building] INFO  o.a.m.s.f.DefaultMavenResourcesFiltering - skip non existing resourceDirectory C:\Users\nlilj\eclipse-workspace-backend-harkka\harkkas23v02\src\test\resources
2023-11-10 22:40:59,873 [Worker-34: Building] INFO  o.a.m.s.f.DefaultMavenResourcesFiltering - Copying 0 resource
2023-11-10 22:40:59,873 [Worker-34: Building] INFO  o.a.m.s.f.DefaultMavenResourcesFiltering - Copying 1 resource
2023-11-10 22:40:59,877 [Worker-34: Building] INFO  o.a.m.s.f.DefaultMavenResourcesFiltering - skip non existing resourceDirectory C:\Users\nlilj\eclipse-workspace-backend-harkka\harkkas23v02\src\test\resources
2023-11-10 22:41:39,055 [Worker-38: Building] INFO  o.a.m.s.f.DefaultMavenResourcesFiltering - Copying 0 resource
2023-11-10 22:41:39,055 [Worker-38: Building] INFO  o.a.m.s.f.DefaultMavenResourcesFiltering - Copying 1 resource
2023-11-10 22:41:39,058 [Worker-38: Building] INFO  o.a.m.s.f.DefaultMavenResourcesFiltering - skip non existing resourceDirectory C:\Users\nlilj\eclipse-workspace-backend-harkka\harkkas23v02\src\test\resources
2023-11-10 22:42:58,017 [Worker-37: Building] INFO  o.a.m.s.f.DefaultMavenResourcesFiltering - Copying 0 resource
2023-11-10 22:42:58,018 [Worker-37: Building] INFO  o.a.m.s.f.DefaultMavenResourcesFiltering - Copying 1 resource
2023-11-10 22:42:58,022 [Worker-37: Building] INFO  o.a.m.s.f.DefaultMavenResourcesFiltering - skip non existing resourceDirectory C:\Users\nlilj\eclipse-workspace-backend-harkka\harkkas23v02\src\test\resources
2023-11-10 22:44:38,244 [Worker-30: Building] INFO  o.a.m.s.f.DefaultMavenResourcesFiltering - Copying 0 resource
2023-11-10 22:44:38,244 [Worker-30: Building] INFO  o.a.m.s.f.DefaultMavenResourcesFiltering - Copying 1 resource
2023-11-10 22:44:38,248 [Worker-30: Building] INFO  o.a.m.s.f.DefaultMavenResourcesFiltering - skip non existing resourceDirectory C:\Users\nlilj\eclipse-workspace-backend-harkka\harkkas23v02\src\test\resources
2023-11-10 22:45:19,104 [Worker-39: Building] INFO  o.a.m.s.f.DefaultMavenResourcesFiltering - Copying 0 resource
2023-11-10 22:45:19,105 [Worker-39: Building] INFO  o.a.m.s.f.DefaultMavenResourcesFiltering - Copying 1 resource
2023-11-10 22:45:19,108 [Worker-39: Building] INFO  o.a.m.s.f.DefaultMavenResourcesFiltering - skip non existing resourceDirectory C:\Users\nlilj\eclipse-workspace-backend-harkka\harkkas23v02\src\test\resources
2023-11-10 22:46:11,039 [Worker-30: Building] INFO  o.a.m.s.f.DefaultMavenResourcesFiltering - Copying 1 resource
2023-11-10 22:46:11,046 [Worker-30: Building] INFO  o.a.m.s.f.DefaultMavenResourcesFiltering - Copying 36 resources
2023-11-10 22:46:11,059 [Worker-30: Building] INFO  o.a.m.s.f.DefaultMavenResourcesFiltering - skip non existing resourceDirectory C:\Users\nlilj\eclipse-workspace-backend-harkka\harkkas23v02\src\test\resources
2023-11-10 22:50:08,406 [Worker-40: Building] INFO  o.a.m.s.f.DefaultMavenResourcesFiltering - Copying 1 resource
2023-11-10 22:50:08,412 [Worker-40: Building] INFO  o.a.m.s.f.DefaultMavenResourcesFiltering - Copying 36 resources
2023-11-10 22:50:08,424 [Worker-40: Building] INFO  o.a.m.s.f.DefaultMavenResourcesFiltering - skip non existing resourceDirectory C:\Users\nlilj\eclipse-workspace-backend-harkka\harkkas23v02\src\test\resources
2023-11-10 22:50:20,676 [Worker-42: Building] INFO  o.e.m.c.i.l.LifecycleMappingFactory - Using org.eclipse.m2e.jdt.JarLifecycleMapping lifecycle mapping for MavenProject: hh:harkkas23v02:0.0.1-SNAPSHOT @ C:\Users\nlilj\eclipse-workspace-backend-harkka\harkkas23v03\pom.xml.
2023-11-10 22:50:21,186 [Worker-42: Building] INFO  o.a.m.s.f.DefaultMavenResourcesFiltering - Copying 1 resource
2023-11-10 22:50:21,195 [Worker-42: Building] INFO  o.a.m.s.f.DefaultMavenResourcesFiltering - Copying 36 resources
2023-11-10 22:50:21,238 [Worker-42: Building] INFO  o.a.m.s.f.DefaultMavenResourcesFiltering - skip non existing resourceDirectory C:\Users\nlilj\eclipse-workspace-backend-harkka\harkkas23v03\src\test\resources
2023-11-10 22:50:31,884 [Worker-42: Building] INFO  o.a.m.s.f.DefaultMavenResourcesFiltering - Copying 1 resource
2023-11-10 22:50:31,890 [Worker-42: Building] INFO  o.a.m.s.f.DefaultMavenResourcesFiltering - Copying 36 resources
2023-11-10 22:50:31,935 [Worker-42: Building] INFO  o.a.m.s.f.DefaultMavenResourcesFiltering - skip non existing resourceDirectory C:\Users\nlilj\eclipse-workspace-backend-harkka\harkkas23v03\src\test\resources
2023-11-10 22:50:43,528 [Worker-40: Building] INFO  o.a.m.s.f.DefaultMavenResourcesFiltering - Copying 1 resource
2023-11-10 22:50:43,534 [Worker-40: Building] INFO  o.a.m.s.f.DefaultMavenResourcesFiltering - Copying 36 resources
2023-11-10 22:50:43,547 [Worker-40: Building] INFO  o.a.m.s.f.DefaultMavenResourcesFiltering - skip non existing resourceDirectory C:\Users\nlilj\eclipse-workspace-backend-harkka\harkkas23v03\src\test\resources
2023-11-10 22:51:14,979 [Worker-41: Building] INFO  o.e.m.c.i.l.LifecycleMappingFactory - Using org.eclipse.m2e.jdt.JarLifecycleMapping lifecycle mapping for MavenProject: hh:harkkas23v02:0.0.1-SNAPSHOT @ C:\Users\nlilj\eclipse-workspace-backend-harkka\harkkas23v03\pom.xml.
2023-11-10 22:51:15,619 [Worker-41: Building] INFO  o.a.m.s.f.DefaultMavenResourcesFiltering - Copying 1 resource
2023-11-10 22:51:15,629 [Worker-41: Building] INFO  o.a.m.s.f.DefaultMavenResourcesFiltering - Copying 36 resources
2023-11-10 22:51:15,676 [Worker-41: Building] INFO  o.a.m.s.f.DefaultMavenResourcesFiltering - skip non existing resourceDirectory C:\Users\nlilj\eclipse-workspace-backend-harkka\harkkas23v03\src\test\resources
2023-11-10 22:51:34,802 [Worker-44: Building] INFO  o.e.m.c.i.l.LifecycleMappingFactory - Using org.eclipse.m2e.jdt.JarLifecycleMapping lifecycle mapping for MavenProject: hh:harkkas23v03:0.0.1-SNAPSHOT @ C:\Users\nlilj\eclipse-workspace-backend-harkka\harkkas23v03\pom.xml.
2023-11-10 22:51:35,126 [Worker-44: Building] INFO  o.a.m.s.f.DefaultMavenResourcesFiltering - Copying 1 resource
2023-11-10 22:51:35,137 [Worker-44: Building] INFO  o.a.m.s.f.DefaultMavenResourcesFiltering - Copying 36 resources
2023-11-10 22:51:35,177 [Worker-44: Building] INFO  o.a.m.s.f.DefaultMavenResourcesFiltering - skip non existing resourceDirectory C:\Users\nlilj\eclipse-workspace-backend-harkka\harkkas23v03\src\test\resources
2023-11-10 22:51:42,855 [Worker-37: Building] INFO  o.a.m.s.f.DefaultMavenResourcesFiltering - Copying 1 resource
2023-11-10 22:51:42,862 [Worker-37: Building] INFO  o.a.m.s.f.DefaultMavenResourcesFiltering - Copying 36 resources
2023-11-10 22:51:42,874 [Worker-37: Building] INFO  o.a.m.s.f.DefaultMavenResourcesFiltering - skip non existing resourceDirectory C:\Users\nlilj\eclipse-workspace-backend-harkka\harkkas23v03\src\test\resources
2023-11-10 22:51:54,231 [Worker-34: Building] INFO  o.a.m.s.f.DefaultMavenResourcesFiltering - Copying 1 resource
2023-11-10 22:51:54,237 [Worker-34: Building] INFO  o.a.m.s.f.DefaultMavenResourcesFiltering - Copying 36 resources
2023-11-10 22:51:54,249 [Worker-34: Building] INFO  o.a.m.s.f.DefaultMavenResourcesFiltering - skip non existing resourceDirectory C:\Users\nlilj\eclipse-workspace-backend-harkka\harkkas23v03\src\test\resources
2023-11-10 22:52:12,961 [Worker-41: Building] INFO  o.a.m.s.f.DefaultMavenResourcesFiltering - Copying 1 resource
2023-11-10 22:52:12,967 [Worker-41: Building] INFO  o.a.m.s.f.DefaultMavenResourcesFiltering - Copying 36 resources
2023-11-10 22:52:12,979 [Worker-41: Building] INFO  o.a.m.s.f.DefaultMavenResourcesFiltering - skip non existing resourceDirectory C:\Users\nlilj\eclipse-workspace-backend-harkka\harkkas23v03\src\test\resources
2023-11-10 22:52:24,635 [Worker-37: Building] INFO  o.a.m.s.f.DefaultMavenResourcesFiltering - Copying 1 resource
2023-11-10 22:52:24,641 [Worker-37: Building] INFO  o.a.m.s.f.DefaultMavenResourcesFiltering - Copying 36 resources
2023-11-10 22:52:24,655 [Worker-37: Building] INFO  o.a.m.s.f.DefaultMavenResourcesFiltering - skip non existing resourceDirectory C:\Users\nlilj\eclipse-workspace-backend-harkka\harkkas23v03\src\test\resources
2023-11-10 22:52:40,364 [Worker-43: Building] INFO  o.a.m.s.f.DefaultMavenResourcesFiltering - Copying 1 resource
2023-11-10 22:52:40,370 [Worker-43: Building] INFO  o.a.m.s.f.DefaultMavenResourcesFiltering - Copying 36 resources
2023-11-10 22:52:40,382 [Worker-43: Building] INFO  o.a.m.s.f.DefaultMavenResourcesFiltering - skip non existing resourceDirectory C:\Users\nlilj\eclipse-workspace-backend-harkka\harkkas23v03\src\test\resources
2023-11-10 22:53:05,596 [Worker-40: Building] INFO  o.a.m.s.f.DefaultMavenResourcesFiltering - Copying 0 resource
2023-11-10 22:53:05,596 [Worker-40: Building] INFO  o.a.m.s.f.DefaultMavenResourcesFiltering - Copying 0 resource
2023-11-10 22:53:05,598 [Worker-40: Building] INFO  o.a.m.s.f.DefaultMavenResourcesFiltering - skip non existing resourceDirectory C:\Users\nlilj\eclipse-workspace-backend-harkka\harkkas23v03\src\test\resources
2023-11-10 22:53:17,365 [Worker-41: Building] INFO  o.a.m.s.f.DefaultMavenResourcesFiltering - Copying 0 resource
2023-11-10 22:53:17,366 [Worker-41: Building] INFO  o.a.m.s.f.DefaultMavenResourcesFiltering - Copying 0 resource
2023-11-10 22:53:17,368 [Worker-41: Building] INFO  o.a.m.s.f.DefaultMavenResourcesFiltering - skip non existing resourceDirectory C:\Users\nlilj\eclipse-workspace-backend-harkka\harkkas23v03\src\test\resources
2023-11-10 22:54:45,579 [Worker-42: Building] INFO  o.a.m.s.f.DefaultMavenResourcesFiltering - Copying 0 resource
2023-11-10 22:54:45,580 [Worker-42: Building] INFO  o.a.m.s.f.DefaultMavenResourcesFiltering - Copying 1 resource
2023-11-10 22:54:45,583 [Worker-42: Building] INFO  o.a.m.s.f.DefaultMavenResourcesFiltering - skip non existing resourceDirectory C:\Users\nlilj\eclipse-workspace-backend-harkka\harkkas23v03\src\test\resources
2023-11-10 22:57:54,960 [Worker-32: Building] INFO  o.a.m.s.f.DefaultMavenResourcesFiltering - Copying 1 resource
2023-11-10 22:57:54,966 [Worker-32: Building] INFO  o.a.m.s.f.DefaultMavenResourcesFiltering - Copying 36 resources
2023-11-10 22:57:54,978 [Worker-32: Building] INFO  o.a.m.s.f.DefaultMavenResourcesFiltering - skip non existing resourceDirectory C:\Users\nlilj\eclipse-workspace-backend-harkka\harkkas23v03\src\test\resources
2023-11-10 23:03:07,212 [Worker-37: Building] INFO  o.a.m.s.f.DefaultMavenResourcesFiltering - Copying 0 resource
2023-11-10 23:03:07,213 [Worker-37: Building] INFO  o.a.m.s.f.DefaultMavenResourcesFiltering - Copying 1 resource
2023-11-10 23:03:07,216 [Worker-37: Building] INFO  o.a.m.s.f.DefaultMavenResourcesFiltering - skip non existing resourceDirectory C:\Users\nlilj\eclipse-workspace-backend-harkka\harkkas23v03\src\test\resources
2023-11-10 23:03:37,463 [Worker-42: Building] INFO  o.a.m.s.f.DefaultMavenResourcesFiltering - Copying 0 resource
2023-11-10 23:03:37,464 [Worker-42: Building] INFO  o.a.m.s.f.DefaultMavenResourcesFiltering - Copying 1 resource
2023-11-10 23:03:37,467 [Worker-42: Building] INFO  o.a.m.s.f.DefaultMavenResourcesFiltering - skip non existing resourceDirectory C:\Users\nlilj\eclipse-workspace-backend-harkka\harkkas23v03\src\test\resources
2023-11-10 23:04:52,562 [Worker-42: Building] INFO  o.a.m.s.f.DefaultMavenResourcesFiltering - Copying 0 resource
2023-11-10 23:04:52,562 [Worker-42: Building] INFO  o.a.m.s.f.DefaultMavenResourcesFiltering - Copying 1 resource
2023-11-10 23:04:52,565 [Worker-42: Building] INFO  o.a.m.s.f.DefaultMavenResourcesFiltering - skip non existing resourceDirectory C:\Users\nlilj\eclipse-workspace-backend-harkka\harkkas23v03\src\test\resources
2023-11-10 23:04:54,829 [Worker-43: Building] INFO  o.a.m.s.f.DefaultMavenResourcesFiltering - Copying 0 resource
2023-11-10 23:04:54,829 [Worker-43: Building] INFO  o.a.m.s.f.DefaultMavenResourcesFiltering - Copying 1 resource
2023-11-10 23:04:54,832 [Worker-43: Building] INFO  o.a.m.s.f.DefaultMavenResourcesFiltering - skip non existing resourceDirectory C:\Users\nlilj\eclipse-workspace-backend-harkka\harkkas23v03\src\test\resources
2023-11-10 23:05:17,346 [Worker-43: Building] INFO  o.a.m.s.f.DefaultMavenResourcesFiltering - Copying 0 resource
2023-11-10 23:05:17,347 [Worker-43: Building] INFO  o.a.m.s.f.DefaultMavenResourcesFiltering - Copying 1 resource
2023-11-10 23:05:17,350 [Worker-43: Building] INFO  o.a.m.s.f.DefaultMavenResourcesFiltering - skip non existing resourceDirectory C:\Users\nlilj\eclipse-workspace-backend-harkka\harkkas23v03\src\test\resources
2023-11-10 23:06:55,937 [Worker-37: Building] INFO  o.a.m.s.f.DefaultMavenResourcesFiltering - Copying 0 resource
2023-11-10 23:06:55,937 [Worker-37: Building] INFO  o.a.m.s.f.DefaultMavenResourcesFiltering - Copying 1 resource
2023-11-10 23:06:55,941 [Worker-37: Building] INFO  o.a.m.s.f.DefaultMavenResourcesFiltering - skip non existing resourceDirectory C:\Users\nlilj\eclipse-workspace-backend-harkka\harkkas23v03\src\test\resources
2023-11-10 23:08:31,484 [Worker-37: Building] INFO  o.a.m.s.f.DefaultMavenResourcesFiltering - Copying 0 resource
2023-11-10 23:08:31,485 [Worker-37: Building] INFO  o.a.m.s.f.DefaultMavenResourcesFiltering - Copying 1 resource
2023-11-10 23:08:31,488 [Worker-37: Building] INFO  o.a.m.s.f.DefaultMavenResourcesFiltering - skip non existing resourceDirectory C:\Users\nlilj\eclipse-workspace-backend-harkka\harkkas23v03\src\test\resources
2023-11-10 23:10:17,142 [Worker-43: Building] INFO  o.a.m.s.f.DefaultMavenResourcesFiltering - Copying 0 resource
2023-11-10 23:10:17,142 [Worker-43: Building] INFO  o.a.m.s.f.DefaultMavenResourcesFiltering - Copying 1 resource
2023-11-10 23:10:17,145 [Worker-43: Building] INFO  o.a.m.s.f.DefaultMavenResourcesFiltering - skip non existing resourceDirectory C:\Users\nlilj\eclipse-workspace-backend-harkka\harkkas23v03\src\test\resources
2023-11-10 23:12:31,139 [Worker-37: Building] INFO  o.a.m.s.f.DefaultMavenResourcesFiltering - Copying 0 resource
2023-11-10 23:12:31,139 [Worker-37: Building] INFO  o.a.m.s.f.DefaultMavenResourcesFiltering - Copying 1 resource
2023-11-10 23:12:31,142 [Worker-37: Building] INFO  o.a.m.s.f.DefaultMavenResourcesFiltering - skip non existing resourceDirectory C:\Users\nlilj\eclipse-workspace-backend-harkka\harkkas23v03\src\test\resources
2023-11-10 23:15:27,374 [Worker-40: Building] INFO  o.a.m.s.f.DefaultMavenResourcesFiltering - Copying 1 resource
2023-11-10 23:15:27,380 [Worker-40: Building] INFO  o.a.m.s.f.DefaultMavenResourcesFiltering - Copying 36 resources
2023-11-10 23:15:27,392 [Worker-40: Building] INFO  o.a.m.s.f.DefaultMavenResourcesFiltering - skip non existing resourceDirectory C:\Users\nlilj\eclipse-workspace-backend-harkka\harkkas23v03\src\test\resources
2023-11-10 23:16:08,742 [Worker-42: Building] INFO  o.a.m.s.f.DefaultMavenResourcesFiltering - Copying 1 resource
2023-11-10 23:16:08,748 [Worker-42: Building] INFO  o.a.m.s.f.DefaultMavenResourcesFiltering - Copying 36 resources
2023-11-10 23:16:08,760 [Worker-42: Building] INFO  o.a.m.s.f.DefaultMavenResourcesFiltering - skip non existing resourceDirectory C:\Users\nlilj\eclipse-workspace-backend-harkka\harkkas23v03\src\test\resources
2023-11-10 23:16:35,895 [Worker-45: Building] INFO  o.a.m.s.f.DefaultMavenResourcesFiltering - Copying 1 resource
2023-11-10 23:16:35,901 [Worker-45: Building] INFO  o.a.m.s.f.DefaultMavenResourcesFiltering - Copying 36 resources
2023-11-10 23:16:35,915 [Worker-45: Building] INFO  o.a.m.s.f.DefaultMavenResourcesFiltering - skip non existing resourceDirectory C:\Users\nlilj\eclipse-workspace-backend-harkka\harkkas23v03\src\test\resources
2023-11-10 23:17:06,891 [Worker-37: Building] INFO  o.a.m.s.f.DefaultMavenResourcesFiltering - Copying 1 resource
2023-11-10 23:17:06,897 [Worker-37: Building] INFO  o.a.m.s.f.DefaultMavenResourcesFiltering - Copying 36 resources
2023-11-10 23:17:06,909 [Worker-37: Building] INFO  o.a.m.s.f.DefaultMavenResourcesFiltering - skip non existing resourceDirectory C:\Users\nlilj\eclipse-workspace-backend-harkka\harkkas23v03\src\test\resources
2023-11-10 23:17:24,839 [Worker-42: Building] INFO  o.a.m.s.f.DefaultMavenResourcesFiltering - Copying 1 resource
2023-11-10 23:17:24,845 [Worker-42: Building] INFO  o.a.m.s.f.DefaultMavenResourcesFiltering - Copying 36 resources
2023-11-10 23:17:24,856 [Worker-42: Building] INFO  o.a.m.s.f.DefaultMavenResourcesFiltering - skip non existing resourceDirectory C:\Users\nlilj\eclipse-workspace-backend-harkka\harkkas23v03\src\test\resources
2023-11-10 23:18:54,698 [Worker-41: Building] INFO  o.a.m.s.f.DefaultMavenResourcesFiltering - Copying 0 resource
2023-11-10 23:18:54,698 [Worker-41: Building] INFO  o.a.m.s.f.DefaultMavenResourcesFiltering - Copying 1 resource
2023-11-10 23:18:54,702 [Worker-41: Building] INFO  o.a.m.s.f.DefaultMavenResourcesFiltering - skip non existing resourceDirectory C:\Users\nlilj\eclipse-workspace-backend-harkka\harkkas23v03\src\test\resources
2023-11-10 23:19:38,321 [Worker-46: Building] INFO  o.a.m.s.f.DefaultMavenResourcesFiltering - Copying 0 resource
2023-11-10 23:19:38,321 [Worker-46: Building] INFO  o.a.m.s.f.DefaultMavenResourcesFiltering - Copying 1 resource
2023-11-10 23:19:38,325 [Worker-46: Building] INFO  o.a.m.s.f.DefaultMavenResourcesFiltering - skip non existing resourceDirectory C:\Users\nlilj\eclipse-workspace-backend-harkka\harkkas23v03\src\test\resources
2023-11-10 23:20:15,909 [Worker-37: Building] INFO  o.a.m.s.f.DefaultMavenResourcesFiltering - Copying 0 resource
2023-11-10 23:20:15,909 [Worker-37: Building] INFO  o.a.m.s.f.DefaultMavenResourcesFiltering - Copying 1 resource
2023-11-10 23:20:15,912 [Worker-37: Building] INFO  o.a.m.s.f.DefaultMavenResourcesFiltering - skip non existing resourceDirectory C:\Users\nlilj\eclipse-workspace-backend-harkka\harkkas23v03\src\test\resources
2023-11-10 23:20:37,791 [Worker-37: Building] INFO  o.a.m.s.f.DefaultMavenResourcesFiltering - Copying 0 resource
2023-11-10 23:20:37,791 [Worker-37: Building] INFO  o.a.m.s.f.DefaultMavenResourcesFiltering - Copying 1 resource
2023-11-10 23:20:37,797 [Worker-37: Building] INFO  o.a.m.s.f.DefaultMavenResourcesFiltering - skip non existing resourceDirectory C:\Users\nlilj\eclipse-workspace-backend-harkka\harkkas23v03\src\test\resources
2023-11-10 23:23:19,347 [Worker-41: Building] INFO  o.a.m.s.f.DefaultMavenResourcesFiltering - Copying 1 resource
2023-11-10 23:23:19,353 [Worker-41: Building] INFO  o.a.m.s.f.DefaultMavenResourcesFiltering - Copying 36 resources
2023-11-10 23:23:19,364 [Worker-41: Building] INFO  o.a.m.s.f.DefaultMavenResourcesFiltering - skip non existing resourceDirectory C:\Users\nlilj\eclipse-workspace-backend-harkka\harkkas23v03\src\test\resources
2023-11-10 23:25:08,594 [Worker-37: Building] INFO  o.a.m.s.f.DefaultMavenResourcesFiltering - Copying 0 resource
2023-11-10 23:25:08,595 [Worker-37: Building] INFO  o.a.m.s.f.DefaultMavenResourcesFiltering - Copying 1 resource
2023-11-10 23:25:08,598 [Worker-37: Building] INFO  o.a.m.s.f.DefaultMavenResourcesFiltering - skip non existing resourceDirectory C:\Users\nlilj\eclipse-workspace-backend-harkka\harkkas23v03\src\test\resources
2023-11-10 23:25:50,946 [Worker-37: Building] INFO  o.a.m.s.f.DefaultMavenResourcesFiltering - Copying 0 resource
2023-11-10 23:25:50,946 [Worker-37: Building] INFO  o.a.m.s.f.DefaultMavenResourcesFiltering - Copying 1 resource
2023-11-10 23:25:50,949 [Worker-37: Building] INFO  o.a.m.s.f.DefaultMavenResourcesFiltering - skip non existing resourceDirectory C:\Users\nlilj\eclipse-workspace-backend-harkka\harkkas23v03\src\test\resources
2023-11-10 23:26:11,269 [Worker-49: Building] INFO  o.a.m.s.f.DefaultMavenResourcesFiltering - Copying 0 resource
2023-11-10 23:26:11,269 [Worker-49: Building] INFO  o.a.m.s.f.DefaultMavenResourcesFiltering - Copying 1 resource
2023-11-10 23:26:11,272 [Worker-49: Building] INFO  o.a.m.s.f.DefaultMavenResourcesFiltering - skip non existing resourceDirectory C:\Users\nlilj\eclipse-workspace-backend-harkka\harkkas23v03\src\test\resources
2023-11-10 23:27:21,190 [Worker-48: Building] INFO  o.a.m.s.f.DefaultMavenResourcesFiltering - Copying 1 resource
2023-11-10 23:27:21,195 [Worker-48: Building] INFO  o.a.m.s.f.DefaultMavenResourcesFiltering - Copying 36 resources
2023-11-10 23:27:21,207 [Worker-48: Building] INFO  o.a.m.s.f.DefaultMavenResourcesFiltering - skip non existing resourceDirectory C:\Users\nlilj\eclipse-workspace-backend-harkka\harkkas23v03\src\test\resources
2023-11-10 23:29:13,863 [Worker-49: Building] INFO  o.a.m.s.f.DefaultMavenResourcesFiltering - Copying 0 resource
2023-11-10 23:29:13,863 [Worker-49: Building] INFO  o.a.m.s.f.DefaultMavenResourcesFiltering - Copying 1 resource
2023-11-10 23:29:13,866 [Worker-49: Building] INFO  o.a.m.s.f.DefaultMavenResourcesFiltering - skip non existing resourceDirectory C:\Users\nlilj\eclipse-workspace-backend-harkka\harkkas23v03\src\test\resources
2023-11-10 23:29:40,550 [Worker-46: Building] INFO  o.a.m.s.f.DefaultMavenResourcesFiltering - Copying 0 resource
2023-11-10 23:29:40,550 [Worker-46: Building] INFO  o.a.m.s.f.DefaultMavenResourcesFiltering - Copying 1 resource
2023-11-10 23:29:40,554 [Worker-46: Building] INFO  o.a.m.s.f.DefaultMavenResourcesFiltering - skip non existing resourceDirectory C:\Users\nlilj\eclipse-workspace-backend-harkka\harkkas23v03\src\test\resources
2023-11-10 23:31:35,417 [Worker-37: Building] INFO  o.a.m.s.f.DefaultMavenResourcesFiltering - Copying 0 resource
2023-11-10 23:31:35,417 [Worker-37: Building] INFO  o.a.m.s.f.DefaultMavenResourcesFiltering - Copying 1 resource
2023-11-10 23:31:35,420 [Worker-37: Building] INFO  o.a.m.s.f.DefaultMavenResourcesFiltering - skip non existing resourceDirectory C:\Users\nlilj\eclipse-workspace-backend-harkka\harkkas23v03\src\test\resources
2023-11-10 23:33:39,747 [Worker-37: Building] INFO  o.a.m.s.f.DefaultMavenResourcesFiltering - Copying 0 resource
2023-11-10 23:33:39,748 [Worker-37: Building] INFO  o.a.m.s.f.DefaultMavenResourcesFiltering - Copying 1 resource
2023-11-10 23:33:39,751 [Worker-37: Building] INFO  o.a.m.s.f.DefaultMavenResourcesFiltering - skip non existing resourceDirectory C:\Users\nlilj\eclipse-workspace-backend-harkka\harkkas23v03\src\test\resources
2023-11-10 23:34:27,383 [Worker-46: Building] INFO  o.a.m.s.f.DefaultMavenResourcesFiltering - Copying 0 resource
2023-11-10 23:34:27,383 [Worker-46: Building] INFO  o.a.m.s.f.DefaultMavenResourcesFiltering - Copying 1 resource
2023-11-10 23:34:27,386 [Worker-46: Building] INFO  o.a.m.s.f.DefaultMavenResourcesFiltering - skip non existing resourceDirectory C:\Users\nlilj\eclipse-workspace-backend-harkka\harkkas23v03\src\test\resources
2023-11-10 23:35:14,551 [Worker-48: Building] INFO  o.a.m.s.f.DefaultMavenResourcesFiltering - Copying 0 resource
2023-11-10 23:35:14,551 [Worker-48: Building] INFO  o.a.m.s.f.DefaultMavenResourcesFiltering - Copying 1 resource
2023-11-10 23:35:14,554 [Worker-48: Building] INFO  o.a.m.s.f.DefaultMavenResourcesFiltering - skip non existing resourceDirectory C:\Users\nlilj\eclipse-workspace-backend-harkka\harkkas23v03\src\test\resources
2023-11-10 23:36:07,659 [Worker-49: Building] INFO  o.a.m.s.f.DefaultMavenResourcesFiltering - Copying 0 resource
2023-11-10 23:36:07,660 [Worker-49: Building] INFO  o.a.m.s.f.DefaultMavenResourcesFiltering - Copying 1 resource
2023-11-10 23:36:07,663 [Worker-49: Building] INFO  o.a.m.s.f.DefaultMavenResourcesFiltering - skip non existing resourceDirectory C:\Users\nlilj\eclipse-workspace-backend-harkka\harkkas23v03\src\test\resources
2023-11-10 23:37:10,831 [Worker-37: Building] INFO  o.a.m.s.f.DefaultMavenResourcesFiltering - Copying 0 resource
2023-11-10 23:37:10,831 [Worker-37: Building] INFO  o.a.m.s.f.DefaultMavenResourcesFiltering - Copying 1 resource
2023-11-10 23:37:10,835 [Worker-37: Building] INFO  o.a.m.s.f.DefaultMavenResourcesFiltering - skip non existing resourceDirectory C:\Users\nlilj\eclipse-workspace-backend-harkka\harkkas23v03\src\test\resources
2023-11-10 23:37:21,917 [Worker-37: Building] INFO  o.a.m.s.f.DefaultMavenResourcesFiltering - Copying 0 resource
2023-11-10 23:37:21,917 [Worker-37: Building] INFO  o.a.m.s.f.DefaultMavenResourcesFiltering - Copying 1 resource
2023-11-10 23:37:21,921 [Worker-37: Building] INFO  o.a.m.s.f.DefaultMavenResourcesFiltering - skip non existing resourceDirectory C:\Users\nlilj\eclipse-workspace-backend-harkka\harkkas23v03\src\test\resources
2023-11-10 23:37:30,130 [Worker-37: Building] INFO  o.a.m.s.f.DefaultMavenResourcesFiltering - Copying 0 resource
2023-11-10 23:37:30,130 [Worker-37: Building] INFO  o.a.m.s.f.DefaultMavenResourcesFiltering - Copying 1 resource
2023-11-10 23:37:30,134 [Worker-37: Building] INFO  o.a.m.s.f.DefaultMavenResourcesFiltering - skip non existing resourceDirectory C:\Users\nlilj\eclipse-workspace-backend-harkka\harkkas23v03\src\test\resources
2023-11-10 23:37:41,648 [Worker-49: Building] INFO  o.a.m.s.f.DefaultMavenResourcesFiltering - Copying 0 resource
2023-11-10 23:37:41,648 [Worker-49: Building] INFO  o.a.m.s.f.DefaultMavenResourcesFiltering - Copying 1 resource
2023-11-10 23:37:41,652 [Worker-49: Building] INFO  o.a.m.s.f.DefaultMavenResourcesFiltering - skip non existing resourceDirectory C:\Users\nlilj\eclipse-workspace-backend-harkka\harkkas23v03\src\test\resources
2023-11-10 23:37:55,540 [Worker-46: Building] INFO  o.a.m.s.f.DefaultMavenResourcesFiltering - Copying 0 resource
2023-11-10 23:37:55,540 [Worker-46: Building] INFO  o.a.m.s.f.DefaultMavenResourcesFiltering - Copying 1 resource
2023-11-10 23:37:55,544 [Worker-46: Building] INFO  o.a.m.s.f.DefaultMavenResourcesFiltering - skip non existing resourceDirectory C:\Users\nlilj\eclipse-workspace-backend-harkka\harkkas23v03\src\test\resources
2023-11-10 23:38:16,047 [Worker-48: Building] INFO  o.a.m.s.f.DefaultMavenResourcesFiltering - Copying 0 resource
2023-11-10 23:38:16,048 [Worker-48: Building] INFO  o.a.m.s.f.DefaultMavenResourcesFiltering - Copying 1 resource
2023-11-10 23:38:16,052 [Worker-48: Building] INFO  o.a.m.s.f.DefaultMavenResourcesFiltering - skip non existing resourceDirectory C:\Users\nlilj\eclipse-workspace-backend-harkka\harkkas23v03\src\test\resources
2023-11-10 23:38:41,765 [Worker-49: Building] INFO  o.a.m.s.f.DefaultMavenResourcesFiltering - Copying 0 resource
2023-11-10 23:38:41,765 [Worker-49: Building] INFO  o.a.m.s.f.DefaultMavenResourcesFiltering - Copying 1 resource
2023-11-10 23:38:41,769 [Worker-49: Building] INFO  o.a.m.s.f.DefaultMavenResourcesFiltering - skip non existing resourceDirectory C:\Users\nlilj\eclipse-workspace-backend-harkka\harkkas23v03\src\test\resources
2023-11-10 23:40:13,191 [Worker-46: Building] INFO  o.a.m.s.f.DefaultMavenResourcesFiltering - Copying 0 resource
2023-11-10 23:40:13,191 [Worker-46: Building] INFO  o.a.m.s.f.DefaultMavenResourcesFiltering - Copying 1 resource
2023-11-10 23:40:13,194 [Worker-46: Building] INFO  o.a.m.s.f.DefaultMavenResourcesFiltering - skip non existing resourceDirectory C:\Users\nlilj\eclipse-workspace-backend-harkka\harkkas23v03\src\test\resources
2023-11-10 23:40:32,322 [Worker-46: Building] INFO  o.a.m.s.f.DefaultMavenResourcesFiltering - Copying 0 resource
2023-11-10 23:40:32,323 [Worker-46: Building] INFO  o.a.m.s.f.DefaultMavenResourcesFiltering - Copying 1 resource
2023-11-10 23:40:32,326 [Worker-46: Building] INFO  o.a.m.s.f.DefaultMavenResourcesFiltering - skip non existing resourceDirectory C:\Users\nlilj\eclipse-workspace-backend-harkka\harkkas23v03\src\test\resources
2023-11-10 23:40:41,181 [Worker-37: Building] INFO  o.a.m.s.f.DefaultMavenResourcesFiltering - Copying 0 resource
2023-11-10 23:40:41,182 [Worker-37: Building] INFO  o.a.m.s.f.DefaultMavenResourcesFiltering - Copying 1 resource
2023-11-10 23:40:41,185 [Worker-37: Building] INFO  o.a.m.s.f.DefaultMavenResourcesFiltering - skip non existing resourceDirectory C:\Users\nlilj\eclipse-workspace-backend-harkka\harkkas23v03\src\test\resources
2023-11-10 23:41:55,857 [Worker-41: Building] INFO  o.a.m.s.f.DefaultMavenResourcesFiltering - Copying 0 resource
2023-11-10 23:41:55,857 [Worker-41: Building] INFO  o.a.m.s.f.DefaultMavenResourcesFiltering - Copying 1 resource
2023-11-10 23:41:55,860 [Worker-41: Building] INFO  o.a.m.s.f.DefaultMavenResourcesFiltering - skip non existing resourceDirectory C:\Users\nlilj\eclipse-workspace-backend-harkka\harkkas23v03\src\test\resources
2023-11-10 23:42:54,521 [Worker-49: Building] INFO  o.a.m.s.f.DefaultMavenResourcesFiltering - Copying 0 resource
2023-11-10 23:42:54,522 [Worker-49: Building] INFO  o.a.m.s.f.DefaultMavenResourcesFiltering - Copying 1 resource
2023-11-10 23:42:54,525 [Worker-49: Building] INFO  o.a.m.s.f.DefaultMavenResourcesFiltering - skip non existing resourceDirectory C:\Users\nlilj\eclipse-workspace-backend-harkka\harkkas23v03\src\test\resources
2023-11-10 23:44:15,405 [Worker-48: Building] INFO  o.a.m.s.f.DefaultMavenResourcesFiltering - Copying 0 resource
2023-11-10 23:44:15,405 [Worker-48: Building] INFO  o.a.m.s.f.DefaultMavenResourcesFiltering - Copying 1 resource
2023-11-10 23:44:15,408 [Worker-48: Building] INFO  o.a.m.s.f.DefaultMavenResourcesFiltering - skip non existing resourceDirectory C:\Users\nlilj\eclipse-workspace-backend-harkka\harkkas23v03\src\test\resources
2023-11-10 23:45:52,207 [Worker-37: Building] INFO  o.a.m.s.f.DefaultMavenResourcesFiltering - Copying 0 resource
2023-11-10 23:45:52,207 [Worker-37: Building] INFO  o.a.m.s.f.DefaultMavenResourcesFiltering - Copying 1 resource
2023-11-10 23:45:52,210 [Worker-37: Building] INFO  o.a.m.s.f.DefaultMavenResourcesFiltering - skip non existing resourceDirectory C:\Users\nlilj\eclipse-workspace-backend-harkka\harkkas23v03\src\test\resources
2023-11-10 23:46:56,667 [Worker-49: Building] INFO  o.a.m.s.f.DefaultMavenResourcesFiltering - Copying 0 resource
2023-11-10 23:46:56,668 [Worker-49: Building] INFO  o.a.m.s.f.DefaultMavenResourcesFiltering - Copying 1 resource
2023-11-10 23:46:56,671 [Worker-49: Building] INFO  o.a.m.s.f.DefaultMavenResourcesFiltering - skip non existing resourceDirectory C:\Users\nlilj\eclipse-workspace-backend-harkka\harkkas23v03\src\test\resources
2023-11-10 23:47:02,529 [Worker-49: Building] INFO  o.a.m.s.f.DefaultMavenResourcesFiltering - Copying 0 resource
2023-11-10 23:47:02,529 [Worker-49: Building] INFO  o.a.m.s.f.DefaultMavenResourcesFiltering - Copying 1 resource
2023-11-10 23:47:02,532 [Worker-49: Building] INFO  o.a.m.s.f.DefaultMavenResourcesFiltering - skip non existing resourceDirectory C:\Users\nlilj\eclipse-workspace-backend-harkka\harkkas23v03\src\test\resources
2023-11-10 23:47:27,604 [Worker-37: Building] INFO  o.a.m.s.f.DefaultMavenResourcesFiltering - Copying 0 resource
2023-11-10 23:47:27,604 [Worker-37: Building] INFO  o.a.m.s.f.DefaultMavenResourcesFiltering - Copying 1 resource
2023-11-10 23:47:27,607 [Worker-37: Building] INFO  o.a.m.s.f.DefaultMavenResourcesFiltering - skip non existing resourceDirectory C:\Users\nlilj\eclipse-workspace-backend-harkka\harkkas23v03\src\test\resources
2023-11-10 23:48:33,826 [Worker-37: Building] INFO  o.a.m.s.f.DefaultMavenResourcesFiltering - Copying 0 resource
2023-11-10 23:48:33,827 [Worker-37: Building] INFO  o.a.m.s.f.DefaultMavenResourcesFiltering - Copying 1 resource
2023-11-10 23:48:33,830 [Worker-37: Building] INFO  o.a.m.s.f.DefaultMavenResourcesFiltering - skip non existing resourceDirectory C:\Users\nlilj\eclipse-workspace-backend-harkka\harkkas23v03\src\test\resources
2023-11-10 23:49:06,565 [Worker-37: Building] INFO  o.a.m.s.f.DefaultMavenResourcesFiltering - Copying 0 resource
2023-11-10 23:49:06,565 [Worker-37: Building] INFO  o.a.m.s.f.DefaultMavenResourcesFiltering - Copying 1 resource
2023-11-10 23:49:06,569 [Worker-37: Building] INFO  o.a.m.s.f.DefaultMavenResourcesFiltering - skip non existing resourceDirectory C:\Users\nlilj\eclipse-workspace-backend-harkka\harkkas23v03\src\test\resources
2023-11-10 23:50:39,480 [Worker-49: Building] INFO  o.a.m.s.f.DefaultMavenResourcesFiltering - Copying 0 resource
2023-11-10 23:50:39,481 [Worker-49: Building] INFO  o.a.m.s.f.DefaultMavenResourcesFiltering - Copying 1 resource
2023-11-10 23:50:39,484 [Worker-49: Building] INFO  o.a.m.s.f.DefaultMavenResourcesFiltering - skip non existing resourceDirectory C:\Users\nlilj\eclipse-workspace-backend-harkka\harkkas23v03\src\test\resources
2023-11-10 23:51:56,331 [Worker-41: Building] INFO  o.a.m.s.f.DefaultMavenResourcesFiltering - Copying 0 resource
2023-11-10 23:51:56,331 [Worker-41: Building] INFO  o.a.m.s.f.DefaultMavenResourcesFiltering - Copying 1 resource
2023-11-10 23:51:56,334 [Worker-41: Building] INFO  o.a.m.s.f.DefaultMavenResourcesFiltering - skip non existing resourceDirectory C:\Users\nlilj\eclipse-workspace-backend-harkka\harkkas23v03\src\test\resources
2023-11-10 23:52:18,664 [Worker-48: Building] INFO  o.a.m.s.f.DefaultMavenResourcesFiltering - Copying 0 resource
2023-11-10 23:52:18,664 [Worker-48: Building] INFO  o.a.m.s.f.DefaultMavenResourcesFiltering - Copying 1 resource
2023-11-10 23:52:18,668 [Worker-48: Building] INFO  o.a.m.s.f.DefaultMavenResourcesFiltering - skip non existing resourceDirectory C:\Users\nlilj\eclipse-workspace-backend-harkka\harkkas23v03\src\test\resources
2023-11-10 23:52:55,211 [Worker-48: Building] INFO  o.a.m.s.f.DefaultMavenResourcesFiltering - Copying 0 resource
2023-11-10 23:52:55,212 [Worker-48: Building] INFO  o.a.m.s.f.DefaultMavenResourcesFiltering - Copying 1 resource
2023-11-10 23:52:55,215 [Worker-48: Building] INFO  o.a.m.s.f.DefaultMavenResourcesFiltering - skip non existing resourceDirectory C:\Users\nlilj\eclipse-workspace-backend-harkka\harkkas23v03\src\test\resources
2023-11-10 23:54:57,456 [Worker-48: Building] INFO  o.a.m.s.f.DefaultMavenResourcesFiltering - Copying 0 resource
2023-11-10 23:54:57,457 [Worker-48: Building] INFO  o.a.m.s.f.DefaultMavenResourcesFiltering - Copying 1 resource
2023-11-10 23:54:57,460 [Worker-48: Building] INFO  o.a.m.s.f.DefaultMavenResourcesFiltering - skip non existing resourceDirectory C:\Users\nlilj\eclipse-workspace-backend-harkka\harkkas23v03\src\test\resources
2023-11-10 23:55:39,189 [Worker-41: Building] INFO  o.a.m.s.f.DefaultMavenResourcesFiltering - Copying 0 resource
2023-11-10 23:55:39,189 [Worker-41: Building] INFO  o.a.m.s.f.DefaultMavenResourcesFiltering - Copying 1 resource
2023-11-10 23:55:39,192 [Worker-41: Building] INFO  o.a.m.s.f.DefaultMavenResourcesFiltering - skip non existing resourceDirectory C:\Users\nlilj\eclipse-workspace-backend-harkka\harkkas23v03\src\test\resources
2023-11-10 23:55:58,524 [Worker-37: Building] INFO  o.a.m.s.f.DefaultMavenResourcesFiltering - Copying 0 resource
2023-11-10 23:55:58,525 [Worker-37: Building] INFO  o.a.m.s.f.DefaultMavenResourcesFiltering - Copying 1 resource
2023-11-10 23:55:58,528 [Worker-37: Building] INFO  o.a.m.s.f.DefaultMavenResourcesFiltering - skip non existing resourceDirectory C:\Users\nlilj\eclipse-workspace-backend-harkka\harkkas23v03\src\test\resources
2023-11-10 23:58:15,748 [Worker-41: Building] INFO  o.a.m.s.f.DefaultMavenResourcesFiltering - Copying 0 resource
2023-11-10 23:58:15,748 [Worker-41: Building] INFO  o.a.m.s.f.DefaultMavenResourcesFiltering - Copying 1 resource
2023-11-10 23:58:15,751 [Worker-41: Building] INFO  o.a.m.s.f.DefaultMavenResourcesFiltering - skip non existing resourceDirectory C:\Users\nlilj\eclipse-workspace-backend-harkka\harkkas23v03\src\test\resources
2023-11-10 23:58:31,168 [Worker-46: Building] INFO  o.a.m.s.f.DefaultMavenResourcesFiltering - Copying 0 resource
2023-11-10 23:58:31,168 [Worker-46: Building] INFO  o.a.m.s.f.DefaultMavenResourcesFiltering - Copying 1 resource
2023-11-10 23:58:31,171 [Worker-46: Building] INFO  o.a.m.s.f.DefaultMavenResourcesFiltering - skip non existing resourceDirectory C:\Users\nlilj\eclipse-workspace-backend-harkka\harkkas23v03\src\test\resources
2023-11-10 23:59:06,047 [Worker-37: Building] INFO  o.a.m.s.f.DefaultMavenResourcesFiltering - Copying 0 resource
2023-11-10 23:59:06,047 [Worker-37: Building] INFO  o.a.m.s.f.DefaultMavenResourcesFiltering - Copying 1 resource
2023-11-10 23:59:06,051 [Worker-37: Building] INFO  o.a.m.s.f.DefaultMavenResourcesFiltering - skip non existing resourceDirectory C:\Users\nlilj\eclipse-workspace-backend-harkka\harkkas23v03\src\test\resources
2023-11-11 00:00:10,544 [Worker-46: Building] INFO  o.a.m.s.f.DefaultMavenResourcesFiltering - Copying 0 resource
2023-11-11 00:00:10,544 [Worker-46: Building] INFO  o.a.m.s.f.DefaultMavenResourcesFiltering - Copying 1 resource
2023-11-11 00:00:10,548 [Worker-46: Building] INFO  o.a.m.s.f.DefaultMavenResourcesFiltering - skip non existing resourceDirectory C:\Users\nlilj\eclipse-workspace-backend-harkka\harkkas23v03\src\test\resources
2023-11-11 00:01:21,066 [Worker-41: Building] INFO  o.a.m.s.f.DefaultMavenResourcesFiltering - Copying 0 resource
2023-11-11 00:01:21,067 [Worker-41: Building] INFO  o.a.m.s.f.DefaultMavenResourcesFiltering - Copying 1 resource
2023-11-11 00:01:21,070 [Worker-41: Building] INFO  o.a.m.s.f.DefaultMavenResourcesFiltering - skip non existing resourceDirectory C:\Users\nlilj\eclipse-workspace-backend-harkka\harkkas23v03\src\test\resources
2023-11-11 00:02:22,820 [Worker-37: Building] INFO  o.a.m.s.f.DefaultMavenResourcesFiltering - Copying 0 resource
2023-11-11 00:02:22,820 [Worker-37: Building] INFO  o.a.m.s.f.DefaultMavenResourcesFiltering - Copying 1 resource
2023-11-11 00:02:22,823 [Worker-37: Building] INFO  o.a.m.s.f.DefaultMavenResourcesFiltering - skip non existing resourceDirectory C:\Users\nlilj\eclipse-workspace-backend-harkka\harkkas23v03\src\test\resources
2023-11-11 00:02:45,738 [Worker-41: Building] INFO  o.a.m.s.f.DefaultMavenResourcesFiltering - Copying 0 resource
2023-11-11 00:02:45,739 [Worker-41: Building] INFO  o.a.m.s.f.DefaultMavenResourcesFiltering - Copying 1 resource
2023-11-11 00:02:45,742 [Worker-41: Building] INFO  o.a.m.s.f.DefaultMavenResourcesFiltering - skip non existing resourceDirectory C:\Users\nlilj\eclipse-workspace-backend-harkka\harkkas23v03\src\test\resources
2023-11-11 00:03:58,024 [Worker-49: Building] INFO  o.a.m.s.f.DefaultMavenResourcesFiltering - Copying 0 resource
2023-11-11 00:03:58,025 [Worker-49: Building] INFO  o.a.m.s.f.DefaultMavenResourcesFiltering - Copying 1 resource
2023-11-11 00:03:58,028 [Worker-49: Building] INFO  o.a.m.s.f.DefaultMavenResourcesFiltering - skip non existing resourceDirectory C:\Users\nlilj\eclipse-workspace-backend-harkka\harkkas23v03\src\test\resources
2023-11-11 00:04:15,860 [Worker-46: Building] INFO  o.a.m.s.f.DefaultMavenResourcesFiltering - Copying 0 resource
2023-11-11 00:04:15,860 [Worker-46: Building] INFO  o.a.m.s.f.DefaultMavenResourcesFiltering - Copying 1 resource
2023-11-11 00:04:15,864 [Worker-46: Building] INFO  o.a.m.s.f.DefaultMavenResourcesFiltering - skip non existing resourceDirectory C:\Users\nlilj\eclipse-workspace-backend-harkka\harkkas23v03\src\test\resources
2023-11-11 00:04:50,337 [Worker-49: Building] INFO  o.a.m.s.f.DefaultMavenResourcesFiltering - Copying 0 resource
2023-11-11 00:04:50,338 [Worker-49: Building] INFO  o.a.m.s.f.DefaultMavenResourcesFiltering - Copying 1 resource
2023-11-11 00:04:50,341 [Worker-49: Building] INFO  o.a.m.s.f.DefaultMavenResourcesFiltering - skip non existing resourceDirectory C:\Users\nlilj\eclipse-workspace-backend-harkka\harkkas23v03\src\test\resources
2023-11-11 01:00:27,535 [Worker-55: Building] INFO  o.a.m.s.f.DefaultMavenResourcesFiltering - Copying 1 resource
2023-11-11 01:00:27,565 [Worker-55: Building] INFO  o.a.m.s.f.DefaultMavenResourcesFiltering - Copying 36 resources
